\BOOKMARK [0][-]{chapter*.2}{Agradecimientos}{}% 1
\BOOKMARK [0][-]{chapter*.3}{Resumen}{}% 2
\BOOKMARK [0][-]{chapter.1}{Introducci\363n}{}% 3
\BOOKMARK [1][-]{section.1.1}{Motivaci\363n}{chapter.1}% 4
\BOOKMARK [1][-]{section.1.2}{Objetivos}{chapter.1}% 5
\BOOKMARK [1][-]{section.1.3}{Metodolog\355a}{chapter.1}% 6
\BOOKMARK [0][-]{chapter.2}{Descripci\363n inform\341tica}{}% 7
\BOOKMARK [1][-]{section.2.1}{Especificaci\363n de Requisitos Software}{chapter.2}% 8
\BOOKMARK [2][-]{subsection.2.1.1}{Introducci\363n}{section.2.1}% 9
\BOOKMARK [2][-]{subsection.2.1.2}{Descripci\363n General}{section.2.1}% 10
\BOOKMARK [2][-]{subsection.2.1.3}{Requisitos Espec\355ficos}{section.2.1}% 11
\BOOKMARK [1][-]{section.2.2}{An\341lisis}{chapter.2}% 12
\BOOKMARK [2][-]{subsection.2.2.1}{Introducci\363n}{section.2.2}% 13
\BOOKMARK [2][-]{subsection.2.2.2}{An\341lisis conceptual del sistema}{section.2.2}% 14
\BOOKMARK [2][-]{subsection.2.2.3}{An\341lisis y desarrollo de requisitos}{section.2.2}% 15
\BOOKMARK [1][-]{section.2.3}{Dise\361o}{chapter.2}% 16
\BOOKMARK [2][-]{subsection.2.3.1}{Introducci\363n}{section.2.3}% 17
\BOOKMARK [2][-]{subsection.2.3.2}{Dise\361o de la arquitectura}{section.2.3}% 18
\BOOKMARK [2][-]{subsection.2.3.3}{Dise\361o de las interfaces}{section.2.3}% 19
\BOOKMARK [1][-]{section.2.4}{Implementaci\363n}{chapter.2}% 20
\BOOKMARK [2][-]{subsection.2.4.1}{Introducci\363n}{section.2.4}% 21
\BOOKMARK [2][-]{subsection.2.4.2}{Herramientas utilizadas}{section.2.4}% 22
\BOOKMARK [2][-]{subsection.2.4.3}{Distribuci\363n f\355sica}{section.2.4}% 23
\BOOKMARK [0][-]{chapter.3}{Pruebas}{}% 24
\BOOKMARK [1][-]{section.3.1}{Introducci\363n}{chapter.3}% 25
\BOOKMARK [1][-]{section.3.2}{Estrategia de pruebas}{chapter.3}% 26
\BOOKMARK [2][-]{subsection.3.2.1}{Pruebas de unidad}{section.3.2}% 27
\BOOKMARK [2][-]{subsection.3.2.2}{Pruebas de integraci\363n}{section.3.2}% 28
\BOOKMARK [2][-]{subsection.3.2.3}{Pruebas de validaci\363n}{section.3.2}% 29
\BOOKMARK [2][-]{subsection.3.2.4}{Pruebas de sistema}{section.3.2}% 30
\BOOKMARK [0][-]{chapter.4}{Conclusiones}{}% 31
\BOOKMARK [1][-]{section.4.1}{L\355neas futuras}{chapter.4}% 32
\BOOKMARK [0][-]{appendix.Alph1}{API implementada}{}% 33
\BOOKMARK [0][-]{appendix.Alph2}{Resultados de las pruebas de validaci\363n}{}% 34
\BOOKMARK [0][-]{appendix.Alph3}{Manual de usuario}{}% 35
\BOOKMARK [0][-]{appendix.Alph4}{Manual de instalaci\363n}{}% 36
